<?xml version="1.0" encoding="UTF-8"?>
<!-- Generated by org.testng.reporters.JUnitReportReporter -->
<testsuite hostname="SSI-WAFZAL-LLP" failures="0" tests="3" name="rahulshetty.tests.SubmitOrder" time="51.982" errors="0" timestamp="2024-08-18T19:05:53 PKT" skipped="0">
  <testcase classname="rahulshetty.tests.SubmitOrder" name="OrderHistory" time="11.874"/>
  <system-out/>
  <testcase classname="rahulshetty.tests.SubmitOrder" name="submitOrder" time="24.316"/>
  <system-out/>
  <testcase classname="rahulshetty.tests.SubmitOrder" name="submitOrder" time="15.792"/>
  <system-out/>
</testsuite> <!-- rahulshetty.tests.SubmitOrder -->
