<?xml version="1.0" encoding="UTF-8"?>
<!-- Generated by org.testng.reporters.JUnitReportReporter -->
<testsuite hostname="SSI-WAFZAL-LLP" failures="0" tests="2" name="rahulshetty.tests.ErrorValidationTest" time="30.965" errors="0" timestamp="2024-08-18T19:05:53 PKT" skipped="0">
  <testcase classname="rahulshetty.tests.ErrorValidationTest" name="invalidOrder" time="25.257"/>
  <system-out/>
  <testcase classname="rahulshetty.tests.ErrorValidationTest" name="submitOrder" time="5.708"/>
  <system-out/>
</testsuite> <!-- rahulshetty.tests.ErrorValidationTest -->
